[0.012s] Invoking command in '/home/lee/robot_ws/build/lifecycle_cpp_test': CMAKE_PREFIX_PATH=${CMAKE_PREFIX_PATH}:/home/lee/robot_ws/install/topic_service_action_rclpy_example:/home/lee/robot_ws/install/time_rclpy_example:/home/lee/robot_ws/install/tf2_rclpy_example:/home/lee/robot_ws/install/test_lee_rclpy:/home/lee/robot_ws/install/ros2env:/home/lee/robot_ws/install/my_first_ros_rclpy_pkg:/home/lee/robot_ws/install/logging_rclpy_example:/opt/ros/foxy /usr/bin/cmake /home/lee/robot_ws/src/lifecycle_cpp_test -DAMENT_CMAKE_SYMLINK_INSTALL=1 -DCMAKE_INSTALL_PREFIX=/home/lee/robot_ws/install/lifecycle_cpp_test
[0.021s] -- Found ament_cmake: 0.9.9 (/opt/ros/foxy/share/ament_cmake/cmake)
[0.045s] -- Using PYTHON_EXECUTABLE: /usr/bin/python3
[0.169s] -- Override CMake install command with custom implementation using symlinks instead of copying resources
[0.173s] -- Found rclcpp_lifecycle: 2.4.1 (/opt/ros/foxy/share/rclcpp_lifecycle/cmake)
[0.196s] -- Using all available rosidl_typesupport_c: rosidl_typesupport_fastrtps_c;rosidl_typesupport_introspection_c
[0.198s] -- Found rosidl_adapter: 1.2.1 (/opt/ros/foxy/share/rosidl_adapter/cmake)
[0.273s] -- Using all available rosidl_typesupport_cpp: rosidl_typesupport_fastrtps_cpp;rosidl_typesupport_introspection_cpp
[0.303s] -- Found rmw_implementation_cmake: 1.0.3 (/opt/ros/foxy/share/rmw_implementation_cmake/cmake)
[0.305s] -- Using RMW implementation 'rmw_fastrtps_cpp' as default
[0.413s] -- Found ament_lint_auto: 0.9.6 (/opt/ros/foxy/share/ament_lint_auto/cmake)
[0.473s] -- Added test 'copyright' to check source files copyright and LICENSE
[0.474s] -- Added test 'cppcheck' to perform static code analysis on C / C++ code
[0.474s] -- Configured cppcheck include dirs: 
[0.474s] -- Configured cppcheck exclude dirs and/or files: 
[0.475s] -- Added test 'cpplint' to check C / C++ code against the Google style
[0.475s] -- Configured cpplint exclude dirs and/or files: 
[0.476s] -- Added test 'flake8' to check Python code syntax and style conventions
[0.476s] -- Added test 'lint_cmake' to check CMake code style
[0.477s] -- Added test 'pep257' to check Python code against some of the style conventions in PEP 257
[0.478s] -- Added test 'uncrustify' to check C / C++ code style
[0.478s] -- Configured uncrustify additional arguments: 
[0.478s] -- Added test 'xmllint' to check XML markup files
[0.481s] -- Configuring done
[0.491s] -- Generating done
[0.492s] -- Build files have been written to: /home/lee/robot_ws/build/lifecycle_cpp_test
[0.496s] Invoked command in '/home/lee/robot_ws/build/lifecycle_cpp_test' returned '0': CMAKE_PREFIX_PATH=${CMAKE_PREFIX_PATH}:/home/lee/robot_ws/install/topic_service_action_rclpy_example:/home/lee/robot_ws/install/time_rclpy_example:/home/lee/robot_ws/install/tf2_rclpy_example:/home/lee/robot_ws/install/test_lee_rclpy:/home/lee/robot_ws/install/ros2env:/home/lee/robot_ws/install/my_first_ros_rclpy_pkg:/home/lee/robot_ws/install/logging_rclpy_example:/opt/ros/foxy /usr/bin/cmake /home/lee/robot_ws/src/lifecycle_cpp_test -DAMENT_CMAKE_SYMLINK_INSTALL=1 -DCMAKE_INSTALL_PREFIX=/home/lee/robot_ws/install/lifecycle_cpp_test
[0.498s] Invoking command in '/home/lee/robot_ws/build/lifecycle_cpp_test': CMAKE_PREFIX_PATH=${CMAKE_PREFIX_PATH}:/home/lee/robot_ws/install/topic_service_action_rclpy_example:/home/lee/robot_ws/install/time_rclpy_example:/home/lee/robot_ws/install/tf2_rclpy_example:/home/lee/robot_ws/install/test_lee_rclpy:/home/lee/robot_ws/install/ros2env:/home/lee/robot_ws/install/my_first_ros_rclpy_pkg:/home/lee/robot_ws/install/logging_rclpy_example:/opt/ros/foxy /usr/bin/cmake --build /home/lee/robot_ws/build/lifecycle_cpp_test -- -j12 -l12
[0.527s] [35m[1mScanning dependencies of target lifecycle_talker[0m
[0.528s] [35m[1mScanning dependencies of target lifecycle_listener[0m
[0.528s] [35m[1mScanning dependencies of target lifecycle_service_client[0m
[0.551s] [ 33%] [32mBuilding CXX object CMakeFiles/lifecycle_service_client.dir/src/lifecycle_service_client.cpp.o[0m
[0.552s] [ 33%] [32mBuilding CXX object CMakeFiles/lifecycle_listener.dir/src/lifecycle_listener.cpp.o[0m
[0.552s] [ 50%] [32mBuilding CXX object CMakeFiles/lifecycle_talker.dir/src/lifecycle_talker.cpp.o[0m
[1.393s] [01m[K/home/lee/robot_ws/src/lifecycle_cpp_test/src/lifecycle_service_client.cpp:[m[K In member function â€˜[01m[Kunsigned int LifecycleServiceClient::get_state(std::chrono::seconds)[m[Kâ€™:
[1.393s] [01m[K/home/lee/robot_ws/src/lifecycle_cpp_test/src/lifecycle_service_client.cpp:109:73:[m[K [01;31m[Kerror: [m[Kâ€˜[01m[Kusing SharedFuture = class std::shared_future<std::shared_ptr<lifecycle_msgs::srv::GetState_Response_<std::allocator<void> > > >[m[Kâ€™ {aka â€˜[01m[Kclass std::shared_future<std::shared_ptr<lifecycle_msgs::srv::GetState_Response_<std::allocator<void> > > >[m[Kâ€™} has no member named â€˜[01m[Kfuture[m[Kâ€™
[1.393s]   109 |     auto future_result = client_get_state_->async_send_request(request).[01;31m[Kfuture[m[K.share();
[1.393s]       |                                                                         [01;31m[K^~~~~~[m[K
[1.397s] [01m[K/home/lee/robot_ws/src/lifecycle_cpp_test/src/lifecycle_service_client.cpp:[m[K In member function â€˜[01m[Kbool LifecycleServiceClient::change_state(uint8_t, std::chrono::seconds)[m[Kâ€™:
[1.397s] [01m[K/home/lee/robot_ws/src/lifecycle_cpp_test/src/lifecycle_service_client.cpp:165:76:[m[K [01;31m[Kerror: [m[Kâ€˜[01m[Kusing SharedFuture = class std::shared_future<std::shared_ptr<lifecycle_msgs::srv::ChangeState_Response_<std::allocator<void> > > >[m[Kâ€™ {aka â€˜[01m[Kclass std::shared_future<std::shared_ptr<lifecycle_msgs::srv::ChangeState_Response_<std::allocator<void> > > >[m[Kâ€™} has no member named â€˜[01m[Kfuture[m[Kâ€™
[1.397s]   165 |     auto future_result = client_change_state_->async_send_request(request).[01;31m[Kfuture[m[K.share();
[1.397s]       |                                                                            [01;31m[K^~~~~~[m[K
[2.061s] [01m[K/home/lee/robot_ws/src/lifecycle_cpp_test/src/lifecycle_service_client.cpp:187:3:[m[K [01;35m[Kwarning: [m[Kcontrol reaches end of non-void function [[01;35m[K-Wreturn-type[m[K]
[2.061s]   187 |   [01;35m[K}[m[K
[2.061s]       |   [01;35m[K^[m[K
[2.114s] make[2]: *** [CMakeFiles/lifecycle_service_client.dir/build.make:63: CMakeFiles/lifecycle_service_client.dir/src/lifecycle_service_client.cpp.o] Error 1
[2.114s] make[1]: *** [CMakeFiles/Makefile2:163: CMakeFiles/lifecycle_service_client.dir/all] Error 2
[2.115s] make[1]: *** Waiting for unfinished jobs....
[2.632s] [ 66%] [32m[1mLinking CXX executable lifecycle_talker[0m
[2.765s] [ 66%] Built target lifecycle_talker
[4.704s] [ 83%] [32m[1mLinking CXX executable lifecycle_listener[0m
[4.867s] [ 83%] Built target lifecycle_listener
[4.868s] make: *** [Makefile:141: all] Error 2
[4.869s] Invoked command in '/home/lee/robot_ws/build/lifecycle_cpp_test' returned '2': CMAKE_PREFIX_PATH=${CMAKE_PREFIX_PATH}:/home/lee/robot_ws/install/topic_service_action_rclpy_example:/home/lee/robot_ws/install/time_rclpy_example:/home/lee/robot_ws/install/tf2_rclpy_example:/home/lee/robot_ws/install/test_lee_rclpy:/home/lee/robot_ws/install/ros2env:/home/lee/robot_ws/install/my_first_ros_rclpy_pkg:/home/lee/robot_ws/install/logging_rclpy_example:/opt/ros/foxy /usr/bin/cmake --build /home/lee/robot_ws/build/lifecycle_cpp_test -- -j12 -l12
