[0.014s] Invoking command in '/home/lee/robot_ws/build/test_lee_rclcpp': CMAKE_PREFIX_PATH=/home/lee/robot_ws/install/msg_srv_action_interface_cpp:/home/lee/robot_ws/install/topic_service_action_rclcpp_example:/home/lee/robot_ws/install/time_rclcpp_example:/home/lee/robot_ws/install/tf2_rclcpp_example:/home/lee/robot_ws/install/testbot_description:/home/lee/robot_ws/install/rqt_example:/home/lee/robot_ws/install/my_first_ros_rclcpp_pkg:/home/lee/robot_ws/install/msg_srv_interface_py_test:/home/lee/robot_ws/install/msg_srv_action_interface_py_test:/home/lee/robot_ws/install/msg_srv_action_interface_example:/home/lee/robot_ws/install/msg_interface_py_test:/home/lee/robot_ws/install/topic_service_action_rclpy_example:/home/lee/robot_ws/install/time_rclpy_example:/home/lee/robot_ws/install/tf2_rclpy_example:/home/lee/robot_ws/install/test_lee_rclpy:/home/lee/robot_ws/install/ros2env:/home/lee/robot_ws/install/my_first_ros_rclpy_pkg:/home/lee/robot_ws/install/logging_rclpy_example:/opt/ros/foxy LD_LIBRARY_PATH=/home/lee/robot_ws/install/msg_srv_action_interface_cpp/lib:/home/lee/robot_ws/install/msg_srv_interface_py_test/lib:/home/lee/robot_ws/install/msg_srv_action_interface_py_test/lib:/home/lee/robot_ws/install/msg_srv_action_interface_example/lib:/home/lee/robot_ws/install/msg_interface_py_test/lib:/opt/ros/foxy/opt/yaml_cpp_vendor/lib:/opt/ros/foxy/opt/rviz_ogre_vendor/lib:/opt/ros/foxy/lib/x86_64-linux-gnu:/opt/ros/foxy/lib PYTHONPATH=/home/lee/robot_ws/install/msg_srv_action_interface_cpp/lib/python3.8/site-packages:/home/lee/robot_ws/build/topic_service_action_rclpy_example:/home/lee/robot_ws/install/topic_service_action_rclpy_example/lib/python3.8/site-packages:/home/lee/robot_ws/build/time_rclpy_example:/home/lee/robot_ws/install/time_rclpy_example/lib/python3.8/site-packages:/home/lee/robot_ws/build/tf2_rclpy_example:/home/lee/robot_ws/install/tf2_rclpy_example/lib/python3.8/site-packages:/home/lee/robot_ws/build/test_lee_rclpy:/home/lee/robot_ws/install/test_lee_rclpy/lib/python3.8/site-packages:/home/lee/robot_ws/install/rqt_example/lib/python3.8/site-packages:/home/lee/robot_ws/build/ros2env:/home/lee/robot_ws/install/ros2env/lib/python3.8/site-packages:/home/lee/robot_ws/build/my_first_ros_rclpy_pkg:/home/lee/robot_ws/install/my_first_ros_rclpy_pkg/lib/python3.8/site-packages:/home/lee/robot_ws/install/msg_srv_interface_py_test/lib/python3.8/site-packages:/home/lee/robot_ws/install/msg_srv_action_interface_py_test/lib/python3.8/site-packages:/home/lee/robot_ws/install/msg_srv_action_interface_example/lib/python3.8/site-packages:/home/lee/robot_ws/install/msg_interface_py_test/lib/python3.8/site-packages:/home/lee/robot_ws/build/logging_rclpy_example:/home/lee/robot_ws/install/logging_rclpy_example/lib/python3.8/site-packages:/opt/ros/foxy/lib/python3.8/site-packages /usr/bin/cmake --build /home/lee/robot_ws/build/test_lee_rclcpp -- -j12 -l12
[0.042s] [35m[1mScanning dependencies of target position[0m
[0.048s] [ 18%] Built target gtest
[0.049s] [ 36%] Built target gtest_main
[0.054s] [ 54%] Built target manager
[0.059s] [ 63%] [32mBuilding CXX object CMakeFiles/position.dir/src/coordinates/position.cpp.o[0m
[0.071s] [ 90%] Built target test_manager
[0.846s] In file included from [01m[K/usr/include/c++/9/random:49[m[K,
[0.846s]                  from [01m[K/home/lee/robot_ws/src/test_lee_rclcpp/src/coordinates/position.cpp:5[m[K:
[0.846s] /usr/include/c++/9/bits/random.h: In instantiation of â€˜[01m[Kclass std::uniform_real_distribution<short int>[m[Kâ€™:
[0.846s] [01m[K/home/lee/robot_ws/src/test_lee_rclcpp/src/coordinates/position.cpp:45:56:[m[K   required from here
[0.846s] [01m[K/usr/include/c++/9/bits/random.h:1736:56:[m[K [01;31m[Kerror: [m[Kstatic assertion failed: result_type must be a floating point type
[0.846s]  1736 |       static_assert(std::is_floating_point<_RealType>::[01;31m[Kvalue[m[K,
[0.846s]       |                                                        [01;31m[K^~~~~[m[K
[0.963s] /usr/include/c++/9/bits/random.h: In instantiation of â€˜[01m[Kstruct std::__detail::_Adaptor<std::mersenne_twister_engine<long unsigned int, 32, 624, 397, 31, 2567483615, 11, 4294967295, 7, 2636928640, 15, 4022730752, 18, 1812433253>, short int>[m[Kâ€™:
[0.964s] [01m[K/usr/include/c++/9/bits/random.h:1861:6:[m[K   required from â€˜[01m[Kstd::uniform_real_distribution<_RealType>::result_type std::uniform_real_distribution<_RealType>::operator()(_UniformRandomNumberGenerator&, const std::uniform_real_distribution<_RealType>::param_type&) [with _UniformRandomNumberGenerator = std::mersenne_twister_engine<long unsigned int, 32, 624, 397, 31, 2567483615, 11, 4294967295, 7, 2636928640, 15, 4022730752, 18, 1812433253>; _RealType = short int; std::uniform_real_distribution<_RealType>::result_type = short int][m[Kâ€™
[0.964s] [01m[K/usr/include/c++/9/bits/random.h:1853:51:[m[K   required from â€˜[01m[Kstd::uniform_real_distribution<_RealType>::result_type std::uniform_real_distribution<_RealType>::operator()(_UniformRandomNumberGenerator&) [with _UniformRandomNumberGenerator = std::mersenne_twister_engine<long unsigned int, 32, 624, 397, 31, 2567483615, 11, 4294967295, 7, 2636928640, 15, 4022730752, 18, 1812433253>; _RealType = short int; std::uniform_real_distribution<_RealType>::result_type = short int][m[Kâ€™
[0.964s] [01m[K/home/lee/robot_ws/src/test_lee_rclcpp/src/coordinates/position.cpp:49:38:[m[K   required from here
[0.964s] [01m[K/usr/include/c++/9/bits/random.h:156:53:[m[K [01;31m[Kerror: [m[Kstatic assertion failed: template argument must be a floating point type
[0.964s]   156 |  static_assert(std::is_floating_point<_DInputType>::[01;31m[Kvalue[m[K,
[0.964s]       |                                                     [01;31m[K^~~~~[m[K
[1.793s] make[2]: *** [CMakeFiles/position.dir/build.make:63: CMakeFiles/position.dir/src/coordinates/position.cpp.o] Error 1
[1.794s] make[1]: *** [CMakeFiles/Makefile2:148: CMakeFiles/position.dir/all] Error 2
[1.794s] make: *** [Makefile:141: all] Error 2
[1.795s] Invoked command in '/home/lee/robot_ws/build/test_lee_rclcpp' returned '2': CMAKE_PREFIX_PATH=/home/lee/robot_ws/install/msg_srv_action_interface_cpp:/home/lee/robot_ws/install/topic_service_action_rclcpp_example:/home/lee/robot_ws/install/time_rclcpp_example:/home/lee/robot_ws/install/tf2_rclcpp_example:/home/lee/robot_ws/install/testbot_description:/home/lee/robot_ws/install/rqt_example:/home/lee/robot_ws/install/my_first_ros_rclcpp_pkg:/home/lee/robot_ws/install/msg_srv_interface_py_test:/home/lee/robot_ws/install/msg_srv_action_interface_py_test:/home/lee/robot_ws/install/msg_srv_action_interface_example:/home/lee/robot_ws/install/msg_interface_py_test:/home/lee/robot_ws/install/topic_service_action_rclpy_example:/home/lee/robot_ws/install/time_rclpy_example:/home/lee/robot_ws/install/tf2_rclpy_example:/home/lee/robot_ws/install/test_lee_rclpy:/home/lee/robot_ws/install/ros2env:/home/lee/robot_ws/install/my_first_ros_rclpy_pkg:/home/lee/robot_ws/install/logging_rclpy_example:/opt/ros/foxy LD_LIBRARY_PATH=/home/lee/robot_ws/install/msg_srv_action_interface_cpp/lib:/home/lee/robot_ws/install/msg_srv_interface_py_test/lib:/home/lee/robot_ws/install/msg_srv_action_interface_py_test/lib:/home/lee/robot_ws/install/msg_srv_action_interface_example/lib:/home/lee/robot_ws/install/msg_interface_py_test/lib:/opt/ros/foxy/opt/yaml_cpp_vendor/lib:/opt/ros/foxy/opt/rviz_ogre_vendor/lib:/opt/ros/foxy/lib/x86_64-linux-gnu:/opt/ros/foxy/lib PYTHONPATH=/home/lee/robot_ws/install/msg_srv_action_interface_cpp/lib/python3.8/site-packages:/home/lee/robot_ws/build/topic_service_action_rclpy_example:/home/lee/robot_ws/install/topic_service_action_rclpy_example/lib/python3.8/site-packages:/home/lee/robot_ws/build/time_rclpy_example:/home/lee/robot_ws/install/time_rclpy_example/lib/python3.8/site-packages:/home/lee/robot_ws/build/tf2_rclpy_example:/home/lee/robot_ws/install/tf2_rclpy_example/lib/python3.8/site-packages:/home/lee/robot_ws/build/test_lee_rclpy:/home/lee/robot_ws/install/test_lee_rclpy/lib/python3.8/site-packages:/home/lee/robot_ws/install/rqt_example/lib/python3.8/site-packages:/home/lee/robot_ws/build/ros2env:/home/lee/robot_ws/install/ros2env/lib/python3.8/site-packages:/home/lee/robot_ws/build/my_first_ros_rclpy_pkg:/home/lee/robot_ws/install/my_first_ros_rclpy_pkg/lib/python3.8/site-packages:/home/lee/robot_ws/install/msg_srv_interface_py_test/lib/python3.8/site-packages:/home/lee/robot_ws/install/msg_srv_action_interface_py_test/lib/python3.8/site-packages:/home/lee/robot_ws/install/msg_srv_action_interface_example/lib/python3.8/site-packages:/home/lee/robot_ws/install/msg_interface_py_test/lib/python3.8/site-packages:/home/lee/robot_ws/build/logging_rclpy_example:/home/lee/robot_ws/install/logging_rclpy_example/lib/python3.8/site-packages:/opt/ros/foxy/lib/python3.8/site-packages /usr/bin/cmake --build /home/lee/robot_ws/build/test_lee_rclcpp -- -j12 -l12
