[0.010s] Invoking command in '/home/lee/robot_ws/build/test_lee_rclcpp': CMAKE_PREFIX_PATH=/home/lee/robot_ws/install/msg_srv_action_interface_cpp:/home/lee/robot_ws/install/topic_service_action_rclcpp_example:/home/lee/robot_ws/install/time_rclcpp_example:/home/lee/robot_ws/install/tf2_rclcpp_example:/home/lee/robot_ws/install/testbot_description:/home/lee/robot_ws/install/test_lee_rclcpp:/home/lee/robot_ws/install/rqt_example:/home/lee/robot_ws/install/my_first_ros_rclcpp_pkg:/home/lee/robot_ws/install/msg_srv_interface_py_test:/home/lee/robot_ws/install/msg_srv_action_interface_py_test:/home/lee/robot_ws/install/msg_srv_action_interface_example:/home/lee/robot_ws/install/msg_interface_py_test:/home/lee/robot_ws/install/topic_service_action_rclpy_example:/home/lee/robot_ws/install/time_rclpy_example:/home/lee/robot_ws/install/tf2_rclpy_example:/home/lee/robot_ws/install/test_lee_rclpy:/home/lee/robot_ws/install/ros2env:/home/lee/robot_ws/install/my_first_ros_rclpy_pkg:/home/lee/robot_ws/install/logging_rclpy_example:/opt/ros/foxy LD_LIBRARY_PATH=/home/lee/robot_ws/install/msg_srv_action_interface_cpp/lib:/home/lee/robot_ws/install/msg_srv_interface_py_test/lib:/home/lee/robot_ws/install/msg_srv_action_interface_py_test/lib:/home/lee/robot_ws/install/msg_srv_action_interface_example/lib:/home/lee/robot_ws/install/msg_interface_py_test/lib:/opt/ros/foxy/opt/yaml_cpp_vendor/lib:/opt/ros/foxy/opt/rviz_ogre_vendor/lib:/opt/ros/foxy/lib/x86_64-linux-gnu:/opt/ros/foxy/lib PYTHONPATH=/home/lee/robot_ws/install/msg_srv_action_interface_cpp/lib/python3.8/site-packages:/home/lee/robot_ws/build/topic_service_action_rclpy_example:/home/lee/robot_ws/install/topic_service_action_rclpy_example/lib/python3.8/site-packages:/home/lee/robot_ws/build/time_rclpy_example:/home/lee/robot_ws/install/time_rclpy_example/lib/python3.8/site-packages:/home/lee/robot_ws/build/tf2_rclpy_example:/home/lee/robot_ws/install/tf2_rclpy_example/lib/python3.8/site-packages:/home/lee/robot_ws/build/test_lee_rclpy:/home/lee/robot_ws/install/test_lee_rclpy/lib/python3.8/site-packages:/home/lee/robot_ws/install/rqt_example/lib/python3.8/site-packages:/home/lee/robot_ws/build/ros2env:/home/lee/robot_ws/install/ros2env/lib/python3.8/site-packages:/home/lee/robot_ws/build/my_first_ros_rclpy_pkg:/home/lee/robot_ws/install/my_first_ros_rclpy_pkg/lib/python3.8/site-packages:/home/lee/robot_ws/install/msg_srv_interface_py_test/lib/python3.8/site-packages:/home/lee/robot_ws/install/msg_srv_action_interface_py_test/lib/python3.8/site-packages:/home/lee/robot_ws/install/msg_srv_action_interface_example/lib/python3.8/site-packages:/home/lee/robot_ws/install/msg_interface_py_test/lib/python3.8/site-packages:/home/lee/robot_ws/build/logging_rclpy_example:/home/lee/robot_ws/install/logging_rclpy_example/lib/python3.8/site-packages:/opt/ros/foxy/lib/python3.8/site-packages /usr/bin/cmake --build /home/lee/robot_ws/build/test_lee_rclcpp -- -j12 -l12
[0.027s] -- Found ament_cmake: 0.9.9 (/opt/ros/foxy/share/ament_cmake/cmake)
[0.051s] -- Using PYTHON_EXECUTABLE: /usr/bin/python3
[0.175s] -- Override CMake install command with custom implementation using symlinks instead of copying resources
[0.179s] -- Found msg_srv_action_interface_cpp: 0.0.0 (/home/lee/robot_ws/install/msg_srv_action_interface_cpp/share/msg_srv_action_interface_cpp/cmake)
[0.193s] -- Using all available rosidl_typesupport_c: rosidl_typesupport_fastrtps_c;rosidl_typesupport_introspection_c
[0.195s] -- Found rosidl_adapter: 1.2.1 (/opt/ros/foxy/share/rosidl_adapter/cmake)
[0.271s] -- Using all available rosidl_typesupport_cpp: rosidl_typesupport_fastrtps_cpp;rosidl_typesupport_introspection_cpp
[0.355s] -- Found rclcpp: 2.4.1 (/opt/ros/foxy/share/rclcpp/cmake)
[0.377s] -- Found rmw_implementation_cmake: 1.0.3 (/opt/ros/foxy/share/rmw_implementation_cmake/cmake)
[0.379s] -- Using RMW implementation 'rmw_fastrtps_cpp' as default
[0.468s] -- Found rclcpp_action: 2.4.1 (/opt/ros/foxy/share/rclcpp_action/cmake)
[0.491s] -- Found ament_lint_auto: 0.9.6 (/opt/ros/foxy/share/ament_lint_auto/cmake)
[0.538s] -- Found ament_cmake_gtest: 0.9.9 (/opt/ros/foxy/share/ament_cmake_gtest/cmake)
[0.539s] -- Found gtest sources under '/opt/ros/foxy/src/gtest_vendor': C++ tests using 'Google Test' will be built
[0.546s] -- Added test 'copyright' to check source files copyright and LICENSE
[0.547s] -- Added test 'cppcheck' to perform static code analysis on C / C++ code
[0.547s] -- Configured cppcheck include dirs: /home/lee/robot_ws/src/test_lee_rclcpp/include
[0.547s] -- Configured cppcheck exclude dirs and/or files: 
[0.547s] -- Added test 'cpplint' to check C / C++ code against the Google style
[0.548s] -- Configured cpplint exclude dirs and/or files: 
[0.548s] -- Added test 'flake8' to check Python code syntax and style conventions
[0.548s] -- Added test 'lint_cmake' to check CMake code style
[0.548s] -- Added test 'pep257' to check Python code against some of the style conventions in PEP 257
[0.549s] -- Added test 'uncrustify' to check C / C++ code style
[0.549s] -- Configured uncrustify additional arguments: 
[0.549s] -- Added test 'xmllint' to check XML markup files
[0.551s] -- Configuring done
[0.566s] -- Generating done
[0.567s] -- Build files have been written to: /home/lee/robot_ws/build/test_lee_rclcpp
[0.583s] [35m[1mScanning dependencies of target converter[0m
[0.584s] [35m[1mScanning dependencies of target manager[0m
[0.590s] [ 15%] Built target gtest_main
[0.591s] [ 30%] Built target gtest
[0.597s] [ 46%] Built target position
[0.601s] [35m[1mScanning dependencies of target test_manager[0m
[0.604s] [ 53%] [32mBuilding CXX object CMakeFiles/converter.dir/src/conversion/converter.cpp.o[0m
[0.605s] [ 61%] [32mBuilding CXX object CMakeFiles/manager.dir/src/coordinates/manager.cpp.o[0m
[0.628s] [ 69%] [32mBuilding CXX object test/CMakeFiles/test_manager.dir/__/src/coordinates/manager.cpp.o[0m
[0.673s] [01m[K/home/lee/robot_ws/src/test_lee_rclcpp/src/coordinates/manager.cpp:57:9:[m[K [01;35m[Kwarning: [m[Kmulti-character character constant [[01;35m[K-Wmultichar[m[K]
[0.673s]    57 |         [01;35m[K'to'[m[K << ' ' <<
[0.673s]       |         [01;35m[K^~~~[m[K
[0.702s] [01m[K/home/lee/robot_ws/src/test_lee_rclcpp/src/coordinates/manager.cpp:57:9:[m[K [01;35m[Kwarning: [m[Kmulti-character character constant [[01;35m[K-Wmultichar[m[K]
[0.702s]    57 |         [01;35m[K'to'[m[K << ' ' <<
[0.702s]       |         [01;35m[K^~~~[m[K
[1.516s] [01m[K/home/lee/robot_ws/src/test_lee_rclcpp/src/coordinates/manager.cpp:[m[K In lambda function:
[1.516s] [01m[K/home/lee/robot_ws/src/test_lee_rclcpp/src/coordinates/manager.cpp:51:7:[m[K [01;31m[Kerror: [m[Kâ€˜[01m[Kcm_[m[Kâ€™ was not declared in this scope
[1.516s]    51 |       [01;31m[Kcm_[m[K = request->cm;
[1.516s]       |       [01;31m[K^~~[m[K
[1.517s] [01m[K/home/lee/robot_ws/src/test_lee_rclcpp/src/coordinates/manager.cpp:52:7:[m[K [01;31m[Kerror: [m[Kâ€˜[01m[Kinch_[m[Kâ€™ was not declared in this scope
[1.517s]    52 |       [01;31m[Kinch_[m[K = cm_ / 2.54;
[1.517s]       |       [01;31m[K^~~~~[m[K
[1.520s] [01m[K/home/lee/robot_ws/src/test_lee_rclcpp/src/coordinates/manager.cpp:[m[K In constructor â€˜[01m[KManager::Manager(const rclcpp::NodeOptions&)[m[Kâ€™:
[1.520s] [01m[K/home/lee/robot_ws/src/test_lee_rclcpp/src/coordinates/manager.cpp:63:3:[m[K [01;31m[Kerror: [m[Kâ€˜[01m[Kconverter_server_[m[Kâ€™ was not declared in this scope; did you mean â€˜[01m[Kcoordinates_server_[m[Kâ€™?
[1.520s]    63 |   [01;31m[Kconverter_server_[m[K =
[1.520s]       |   [01;31m[K^~~~~~~~~~~~~~~~~[m[K
[1.520s]       |   [32m[Kcoordinates_server_[m[K
[1.548s] [01m[K/home/lee/robot_ws/src/test_lee_rclcpp/src/coordinates/manager.cpp:[m[K In lambda function:
[1.548s] [01m[K/home/lee/robot_ws/src/test_lee_rclcpp/src/coordinates/manager.cpp:51:7:[m[K [01;31m[Kerror: [m[Kâ€˜[01m[Kcm_[m[Kâ€™ was not declared in this scope
[1.548s]    51 |       [01;31m[Kcm_[m[K = request->cm;
[1.549s]       |       [01;31m[K^~~[m[K
[1.549s] [01m[K/home/lee/robot_ws/src/test_lee_rclcpp/src/coordinates/manager.cpp:52:7:[m[K [01;31m[Kerror: [m[Kâ€˜[01m[Kinch_[m[Kâ€™ was not declared in this scope
[1.549s]    52 |       [01;31m[Kinch_[m[K = cm_ / 2.54;
[1.549s]       |       [01;31m[K^~~~~[m[K
[1.552s] [01m[K/home/lee/robot_ws/src/test_lee_rclcpp/src/coordinates/manager.cpp:[m[K In constructor â€˜[01m[KManager::Manager(const rclcpp::NodeOptions&)[m[Kâ€™:
[1.552s] [01m[K/home/lee/robot_ws/src/test_lee_rclcpp/src/coordinates/manager.cpp:63:3:[m[K [01;31m[Kerror: [m[Kâ€˜[01m[Kconverter_server_[m[Kâ€™ was not declared in this scope; did you mean â€˜[01m[Kcoordinates_server_[m[Kâ€™?
[1.552s]    63 |   [01;31m[Kconverter_server_[m[K =
[1.552s]       |   [01;31m[K^~~~~~~~~~~~~~~~~[m[K
[1.552s]       |   [32m[Kcoordinates_server_[m[K
[2.300s] [ 76%] [32m[1mLinking CXX executable converter[0m
[2.398s] [ 76%] Built target converter
[2.563s] make[2]: *** [CMakeFiles/manager.dir/build.make:63: CMakeFiles/manager.dir/src/coordinates/manager.cpp.o] Error 1
[2.563s] make[1]: *** [CMakeFiles/Makefile2:150: CMakeFiles/manager.dir/all] Error 2
[2.563s] make[1]: *** Waiting for unfinished jobs....
[2.594s] make[2]: *** [test/CMakeFiles/test_manager.dir/build.make:76: test/CMakeFiles/test_manager.dir/__/src/coordinates/manager.cpp.o] Error 1
[2.594s] make[1]: *** [CMakeFiles/Makefile2:259: test/CMakeFiles/test_manager.dir/all] Error 2
[2.594s] make: *** [Makefile:141: all] Error 2
[2.596s] Invoked command in '/home/lee/robot_ws/build/test_lee_rclcpp' returned '2': CMAKE_PREFIX_PATH=/home/lee/robot_ws/install/msg_srv_action_interface_cpp:/home/lee/robot_ws/install/topic_service_action_rclcpp_example:/home/lee/robot_ws/install/time_rclcpp_example:/home/lee/robot_ws/install/tf2_rclcpp_example:/home/lee/robot_ws/install/testbot_description:/home/lee/robot_ws/install/test_lee_rclcpp:/home/lee/robot_ws/install/rqt_example:/home/lee/robot_ws/install/my_first_ros_rclcpp_pkg:/home/lee/robot_ws/install/msg_srv_interface_py_test:/home/lee/robot_ws/install/msg_srv_action_interface_py_test:/home/lee/robot_ws/install/msg_srv_action_interface_example:/home/lee/robot_ws/install/msg_interface_py_test:/home/lee/robot_ws/install/topic_service_action_rclpy_example:/home/lee/robot_ws/install/time_rclpy_example:/home/lee/robot_ws/install/tf2_rclpy_example:/home/lee/robot_ws/install/test_lee_rclpy:/home/lee/robot_ws/install/ros2env:/home/lee/robot_ws/install/my_first_ros_rclpy_pkg:/home/lee/robot_ws/install/logging_rclpy_example:/opt/ros/foxy LD_LIBRARY_PATH=/home/lee/robot_ws/install/msg_srv_action_interface_cpp/lib:/home/lee/robot_ws/install/msg_srv_interface_py_test/lib:/home/lee/robot_ws/install/msg_srv_action_interface_py_test/lib:/home/lee/robot_ws/install/msg_srv_action_interface_example/lib:/home/lee/robot_ws/install/msg_interface_py_test/lib:/opt/ros/foxy/opt/yaml_cpp_vendor/lib:/opt/ros/foxy/opt/rviz_ogre_vendor/lib:/opt/ros/foxy/lib/x86_64-linux-gnu:/opt/ros/foxy/lib PYTHONPATH=/home/lee/robot_ws/install/msg_srv_action_interface_cpp/lib/python3.8/site-packages:/home/lee/robot_ws/build/topic_service_action_rclpy_example:/home/lee/robot_ws/install/topic_service_action_rclpy_example/lib/python3.8/site-packages:/home/lee/robot_ws/build/time_rclpy_example:/home/lee/robot_ws/install/time_rclpy_example/lib/python3.8/site-packages:/home/lee/robot_ws/build/tf2_rclpy_example:/home/lee/robot_ws/install/tf2_rclpy_example/lib/python3.8/site-packages:/home/lee/robot_ws/build/test_lee_rclpy:/home/lee/robot_ws/install/test_lee_rclpy/lib/python3.8/site-packages:/home/lee/robot_ws/install/rqt_example/lib/python3.8/site-packages:/home/lee/robot_ws/build/ros2env:/home/lee/robot_ws/install/ros2env/lib/python3.8/site-packages:/home/lee/robot_ws/build/my_first_ros_rclpy_pkg:/home/lee/robot_ws/install/my_first_ros_rclpy_pkg/lib/python3.8/site-packages:/home/lee/robot_ws/install/msg_srv_interface_py_test/lib/python3.8/site-packages:/home/lee/robot_ws/install/msg_srv_action_interface_py_test/lib/python3.8/site-packages:/home/lee/robot_ws/install/msg_srv_action_interface_example/lib/python3.8/site-packages:/home/lee/robot_ws/install/msg_interface_py_test/lib/python3.8/site-packages:/home/lee/robot_ws/build/logging_rclpy_example:/home/lee/robot_ws/install/logging_rclpy_example/lib/python3.8/site-packages:/opt/ros/foxy/lib/python3.8/site-packages /usr/bin/cmake --build /home/lee/robot_ws/build/test_lee_rclcpp -- -j12 -l12
