[0.009s] Invoking command in '/home/lee/robot_ws/build/test_lee_rclcpp': CMAKE_PREFIX_PATH=/home/lee/robot_ws/install/msg_srv_action_interface_cpp:/home/lee/robot_ws/install/topic_service_action_rclcpp_example:/home/lee/robot_ws/install/time_rclcpp_example:/home/lee/robot_ws/install/tf2_rclcpp_example:/home/lee/robot_ws/install/testbot_description:/home/lee/robot_ws/install/test_lee_rclcpp:/home/lee/robot_ws/install/rqt_example:/home/lee/robot_ws/install/my_first_ros_rclcpp_pkg:/home/lee/robot_ws/install/msg_srv_interface_py_test:/home/lee/robot_ws/install/msg_srv_action_interface_py_test:/home/lee/robot_ws/install/msg_srv_action_interface_example:/home/lee/robot_ws/install/msg_interface_py_test:/home/lee/robot_ws/install/topic_service_action_rclpy_example:/home/lee/robot_ws/install/time_rclpy_example:/home/lee/robot_ws/install/tf2_rclpy_example:/home/lee/robot_ws/install/test_lee_rclpy:/home/lee/robot_ws/install/ros2env:/home/lee/robot_ws/install/my_first_ros_rclpy_pkg:/home/lee/robot_ws/install/logging_rclpy_example:/opt/ros/foxy LD_LIBRARY_PATH=/home/lee/robot_ws/install/msg_srv_action_interface_cpp/lib:/home/lee/robot_ws/install/msg_srv_interface_py_test/lib:/home/lee/robot_ws/install/msg_srv_action_interface_py_test/lib:/home/lee/robot_ws/install/msg_srv_action_interface_example/lib:/home/lee/robot_ws/install/msg_interface_py_test/lib:/opt/ros/foxy/opt/yaml_cpp_vendor/lib:/opt/ros/foxy/opt/rviz_ogre_vendor/lib:/opt/ros/foxy/lib/x86_64-linux-gnu:/opt/ros/foxy/lib PYTHONPATH=/home/lee/robot_ws/install/msg_srv_action_interface_cpp/lib/python3.8/site-packages:/home/lee/robot_ws/build/topic_service_action_rclpy_example:/home/lee/robot_ws/install/topic_service_action_rclpy_example/lib/python3.8/site-packages:/home/lee/robot_ws/build/time_rclpy_example:/home/lee/robot_ws/install/time_rclpy_example/lib/python3.8/site-packages:/home/lee/robot_ws/build/tf2_rclpy_example:/home/lee/robot_ws/install/tf2_rclpy_example/lib/python3.8/site-packages:/home/lee/robot_ws/build/test_lee_rclpy:/home/lee/robot_ws/install/test_lee_rclpy/lib/python3.8/site-packages:/home/lee/robot_ws/install/rqt_example/lib/python3.8/site-packages:/home/lee/robot_ws/build/ros2env:/home/lee/robot_ws/install/ros2env/lib/python3.8/site-packages:/home/lee/robot_ws/build/my_first_ros_rclpy_pkg:/home/lee/robot_ws/install/my_first_ros_rclpy_pkg/lib/python3.8/site-packages:/home/lee/robot_ws/install/msg_srv_interface_py_test/lib/python3.8/site-packages:/home/lee/robot_ws/install/msg_srv_action_interface_py_test/lib/python3.8/site-packages:/home/lee/robot_ws/install/msg_srv_action_interface_example/lib/python3.8/site-packages:/home/lee/robot_ws/install/msg_interface_py_test/lib/python3.8/site-packages:/home/lee/robot_ws/build/logging_rclpy_example:/home/lee/robot_ws/install/logging_rclpy_example/lib/python3.8/site-packages:/opt/ros/foxy/lib/python3.8/site-packages /usr/bin/cmake --build /home/lee/robot_ws/build/test_lee_rclcpp -- -j12 -l12
[0.039s] [35m[1mScanning dependencies of target checker[0m
[0.039s] [35m[1mScanning dependencies of target manager[0m
[0.045s] [ 26%] Built target gtest_main
[0.046s] [ 26%] Built target gtest
[0.052s] [ 40%] Built target converter
[0.054s] [ 53%] Built target position
[0.054s] [35m[1mScanning dependencies of target test_manager[0m
[0.059s] [ 60%] [32mBuilding CXX object CMakeFiles/checker.dir/src/checker/checker.cpp.o[0m
[0.061s] [ 66%] [32mBuilding CXX object CMakeFiles/manager.dir/src/coordinates/manager.cpp.o[0m
[0.084s] [ 80%] [32mBuilding CXX object test/CMakeFiles/test_manager.dir/__/src/coordinates/manager.cpp.o[0m
[0.084s] [ 80%] [32mBuilding CXX object test/CMakeFiles/test_manager.dir/test_manager.cpp.o[0m
[0.955s] In file included from [01m[K/home/lee/robot_ws/src/test_lee_rclcpp/src/coordinates/manager.cpp:8[m[K:
[0.955s] [01m[K/home/lee/robot_ws/src/test_lee_rclcpp/include/coordinates/manager.hpp:68:31:[m[K [01;31m[Kerror: [m[Kâ€˜[01m[Krclcpp_action::GoalResponse Manager::handle_goal(const GoalUUID&, std::shared_ptr<const msg_srv_action_interface_cpp::action::CoordinatesChecker_Goal_<std::allocator<void> > >)[m[Kâ€™ cannot be overloaded with â€˜[01m[Krclcpp_action::GoalResponse Manager::handle_goal(const GoalUUID&, std::shared_ptr<const msg_srv_action_interface_cpp::action::CoordinatesChecker_Goal_<std::allocator<void> > >)[m[Kâ€™
[0.955s]    68 |   rclcpp_action::GoalResponse [01;31m[Khandle_goal[m[K(
[0.955s]       |                               [01;31m[K^~~~~~~~~~~[m[K
[0.955s] [01m[K/home/lee/robot_ws/src/test_lee_rclcpp/include/coordinates/manager.hpp:31:31:[m[K [01;36m[Knote: [m[Kprevious declaration â€˜[01m[Krclcpp_action::GoalResponse Manager::handle_goal(const GoalUUID&, std::shared_ptr<const msg_srv_action_interface_cpp::action::CoordinatesChecker_Goal_<std::allocator<void> > >)[m[Kâ€™
[0.955s]    31 |   rclcpp_action::GoalResponse [01;36m[Khandle_goal[m[K(
[0.955s]       |                               [01;36m[K^~~~~~~~~~~[m[K
[0.955s] [01m[K/home/lee/robot_ws/src/test_lee_rclcpp/include/coordinates/manager.hpp:71:33:[m[K [01;31m[Kerror: [m[Kâ€˜[01m[Krclcpp_action::CancelResponse Manager::handle_cancel(std::shared_ptr<rclcpp_action::ServerGoalHandle<msg_srv_action_interface_cpp::action::CoordinatesChecker> >)[m[Kâ€™ cannot be overloaded with â€˜[01m[Krclcpp_action::CancelResponse Manager::handle_cancel(std::shared_ptr<rclcpp_action::ServerGoalHandle<msg_srv_action_interface_cpp::action::CoordinatesChecker> >)[m[Kâ€™
[0.955s]    71 |   rclcpp_action::CancelResponse [01;31m[Khandle_cancel[m[K(
[0.955s]       |                                 [01;31m[K^~~~~~~~~~~~~[m[K
[0.955s] [01m[K/home/lee/robot_ws/src/test_lee_rclcpp/include/coordinates/manager.hpp:34:33:[m[K [01;36m[Knote: [m[Kprevious declaration â€˜[01m[Krclcpp_action::CancelResponse Manager::handle_cancel(std::shared_ptr<rclcpp_action::ServerGoalHandle<msg_srv_action_interface_cpp::action::CoordinatesChecker> >)[m[Kâ€™
[0.955s]    34 |   rclcpp_action::CancelResponse [01;36m[Khandle_cancel[m[K(
[0.955s]       |                                 [01;36m[K^~~~~~~~~~~~~[m[K
[0.955s] [01m[K/home/lee/robot_ws/src/test_lee_rclcpp/include/coordinates/manager.hpp:73:8:[m[K [01;31m[Kerror: [m[Kâ€˜[01m[Kvoid Manager::execute_checker(std::shared_ptr<rclcpp_action::ServerGoalHandle<msg_srv_action_interface_cpp::action::CoordinatesChecker> >)[m[Kâ€™ cannot be overloaded with â€˜[01m[Kvoid Manager::execute_checker(std::shared_ptr<rclcpp_action::ServerGoalHandle<msg_srv_action_interface_cpp::action::CoordinatesChecker> >)[m[Kâ€™
[0.955s]    73 |   void [01;31m[Kexecute_checker[m[K(const std::shared_ptr<GoalHandleCoordinatesChecker> goal_handle);
[0.955s]       |        [01;31m[K^~~~~~~~~~~~~~~[m[K
[0.955s] [01m[K/home/lee/robot_ws/src/test_lee_rclcpp/include/coordinates/manager.hpp:37:8:[m[K [01;36m[Knote: [m[Kprevious declaration â€˜[01m[Kvoid Manager::execute_checker(std::shared_ptr<rclcpp_action::ServerGoalHandle<msg_srv_action_interface_cpp::action::CoordinatesChecker> >)[m[Kâ€™
[0.956s]    37 |   void [01;36m[Kexecute_checker[m[K(const std::shared_ptr<GoalHandleCoordinatesChecker> goal_handle);
[0.956s]       |        [01;36m[K^~~~~~~~~~~~~~~[m[K
[0.981s] In file included from [01m[K/home/lee/robot_ws/src/test_lee_rclcpp/src/coordinates/manager.cpp:8[m[K:
[0.981s] [01m[K/home/lee/robot_ws/src/test_lee_rclcpp/include/coordinates/manager.hpp:68:31:[m[K [01;31m[Kerror: [m[Kâ€˜[01m[Krclcpp_action::GoalResponse Manager::handle_goal(const GoalUUID&, std::shared_ptr<const msg_srv_action_interface_cpp::action::CoordinatesChecker_Goal_<std::allocator<void> > >)[m[Kâ€™ cannot be overloaded with â€˜[01m[Krclcpp_action::GoalResponse Manager::handle_goal(const GoalUUID&, std::shared_ptr<const msg_srv_action_interface_cpp::action::CoordinatesChecker_Goal_<std::allocator<void> > >)[m[Kâ€™
[0.981s]    68 |   rclcpp_action::GoalResponse [01;31m[Khandle_goal[m[K(
[0.981s]       |                               [01;31m[K^~~~~~~~~~~[m[K
[0.981s] [01m[K/home/lee/robot_ws/src/test_lee_rclcpp/include/coordinates/manager.hpp:31:31:[m[K [01;36m[Knote: [m[Kprevious declaration â€˜[01m[Krclcpp_action::GoalResponse Manager::handle_goal(const GoalUUID&, std::shared_ptr<const msg_srv_action_interface_cpp::action::CoordinatesChecker_Goal_<std::allocator<void> > >)[m[Kâ€™
[0.982s]    31 |   rclcpp_action::GoalResponse [01;36m[Khandle_goal[m[K(
[0.982s]       |                               [01;36m[K^~~~~~~~~~~[m[K
[0.982s] [01m[K/home/lee/robot_ws/src/test_lee_rclcpp/include/coordinates/manager.hpp:71:33:[m[K [01;31m[Kerror: [m[Kâ€˜[01m[Krclcpp_action::CancelResponse Manager::handle_cancel(std::shared_ptr<rclcpp_action::ServerGoalHandle<msg_srv_action_interface_cpp::action::CoordinatesChecker> >)[m[Kâ€™ cannot be overloaded with â€˜[01m[Krclcpp_action::CancelResponse Manager::handle_cancel(std::shared_ptr<rclcpp_action::ServerGoalHandle<msg_srv_action_interface_cpp::action::CoordinatesChecker> >)[m[Kâ€™
[0.982s]    71 |   rclcpp_action::CancelResponse [01;31m[Khandle_cancel[m[K(
[0.982s]       |                                 [01;31m[K^~~~~~~~~~~~~[m[K
[0.982s] [01m[K/home/lee/robot_ws/src/test_lee_rclcpp/include/coordinates/manager.hpp:34:33:[m[K [01;36m[Knote: [m[Kprevious declaration â€˜[01m[Krclcpp_action::CancelResponse Manager::handle_cancel(std::shared_ptr<rclcpp_action::ServerGoalHandle<msg_srv_action_interface_cpp::action::CoordinatesChecker> >)[m[Kâ€™
[0.982s]    34 |   rclcpp_action::CancelResponse [01;36m[Khandle_cancel[m[K(
[0.982s]       |                                 [01;36m[K^~~~~~~~~~~~~[m[K
[0.982s] [01m[K/home/lee/robot_ws/src/test_lee_rclcpp/include/coordinates/manager.hpp:73:8:[m[K [01;31m[Kerror: [m[Kâ€˜[01m[Kvoid Manager::execute_checker(std::shared_ptr<rclcpp_action::ServerGoalHandle<msg_srv_action_interface_cpp::action::CoordinatesChecker> >)[m[Kâ€™ cannot be overloaded with â€˜[01m[Kvoid Manager::execute_checker(std::shared_ptr<rclcpp_action::ServerGoalHandle<msg_srv_action_interface_cpp::action::CoordinatesChecker> >)[m[Kâ€™
[0.982s]    73 |   void [01;31m[Kexecute_checker[m[K(const std::shared_ptr<GoalHandleCoordinatesChecker> goal_handle);
[0.982s]       |        [01;31m[K^~~~~~~~~~~~~~~[m[K
[0.982s] [01m[K/home/lee/robot_ws/src/test_lee_rclcpp/include/coordinates/manager.hpp:37:8:[m[K [01;36m[Knote: [m[Kprevious declaration â€˜[01m[Kvoid Manager::execute_checker(std::shared_ptr<rclcpp_action::ServerGoalHandle<msg_srv_action_interface_cpp::action::CoordinatesChecker> >)[m[Kâ€™
[0.982s]    37 |   void [01;36m[Kexecute_checker[m[K(const std::shared_ptr<GoalHandleCoordinatesChecker> goal_handle);
[0.982s]       |        [01;36m[K^~~~~~~~~~~~~~~[m[K
[1.116s] In file included from [01m[K/home/lee/robot_ws/src/test_lee_rclcpp/test/test_manager.cpp:20[m[K:
[1.116s] [01m[K/home/lee/robot_ws/src/test_lee_rclcpp/include/coordinates/manager.hpp:68:31:[m[K [01;31m[Kerror: [m[Kâ€˜[01m[Krclcpp_action::GoalResponse Manager::handle_goal(const GoalUUID&, std::shared_ptr<const msg_srv_action_interface_cpp::action::CoordinatesChecker_Goal_<std::allocator<void> > >)[m[Kâ€™ cannot be overloaded with â€˜[01m[Krclcpp_action::GoalResponse Manager::handle_goal(const GoalUUID&, std::shared_ptr<const msg_srv_action_interface_cpp::action::CoordinatesChecker_Goal_<std::allocator<void> > >)[m[Kâ€™
[1.116s]    68 |   rclcpp_action::GoalResponse [01;31m[Khandle_goal[m[K(
[1.116s]       |                               [01;31m[K^~~~~~~~~~~[m[K
[1.116s] [01m[K/home/lee/robot_ws/src/test_lee_rclcpp/include/coordinates/manager.hpp:31:31:[m[K [01;36m[Knote: [m[Kprevious declaration â€˜[01m[Krclcpp_action::GoalResponse Manager::handle_goal(const GoalUUID&, std::shared_ptr<const msg_srv_action_interface_cpp::action::CoordinatesChecker_Goal_<std::allocator<void> > >)[m[Kâ€™
[1.116s]    31 |   rclcpp_action::GoalResponse [01;36m[Khandle_goal[m[K(
[1.117s]       |                               [01;36m[K^~~~~~~~~~~[m[K
[1.117s] [01m[K/home/lee/robot_ws/src/test_lee_rclcpp/include/coordinates/manager.hpp:71:33:[m[K [01;31m[Kerror: [m[Kâ€˜[01m[Krclcpp_action::CancelResponse Manager::handle_cancel(std::shared_ptr<rclcpp_action::ServerGoalHandle<msg_srv_action_interface_cpp::action::CoordinatesChecker> >)[m[Kâ€™ cannot be overloaded with â€˜[01m[Krclcpp_action::CancelResponse Manager::handle_cancel(std::shared_ptr<rclcpp_action::ServerGoalHandle<msg_srv_action_interface_cpp::action::CoordinatesChecker> >)[m[Kâ€™
[1.117s]    71 |   rclcpp_action::CancelResponse [01;31m[Khandle_cancel[m[K(
[1.117s]       |                                 [01;31m[K^~~~~~~~~~~~~[m[K
[1.117s] [01m[K/home/lee/robot_ws/src/test_lee_rclcpp/include/coordinates/manager.hpp:34:33:[m[K [01;36m[Knote: [m[Kprevious declaration â€˜[01m[Krclcpp_action::CancelResponse Manager::handle_cancel(std::shared_ptr<rclcpp_action::ServerGoalHandle<msg_srv_action_interface_cpp::action::CoordinatesChecker> >)[m[Kâ€™
[1.117s]    34 |   rclcpp_action::CancelResponse [01;36m[Khandle_cancel[m[K(
[1.117s]       |                                 [01;36m[K^~~~~~~~~~~~~[m[K
[1.117s] [01m[K/home/lee/robot_ws/src/test_lee_rclcpp/include/coordinates/manager.hpp:73:8:[m[K [01;31m[Kerror: [m[Kâ€˜[01m[Kvoid Manager::execute_checker(std::shared_ptr<rclcpp_action::ServerGoalHandle<msg_srv_action_interface_cpp::action::CoordinatesChecker> >)[m[Kâ€™ cannot be overloaded with â€˜[01m[Kvoid Manager::execute_checker(std::shared_ptr<rclcpp_action::ServerGoalHandle<msg_srv_action_interface_cpp::action::CoordinatesChecker> >)[m[Kâ€™
[1.117s]    73 |   void [01;31m[Kexecute_checker[m[K(const std::shared_ptr<GoalHandleCoordinatesChecker> goal_handle);
[1.117s]       |        [01;31m[K^~~~~~~~~~~~~~~[m[K
[1.117s] [01m[K/home/lee/robot_ws/src/test_lee_rclcpp/include/coordinates/manager.hpp:37:8:[m[K [01;36m[Knote: [m[Kprevious declaration â€˜[01m[Kvoid Manager::execute_checker(std::shared_ptr<rclcpp_action::ServerGoalHandle<msg_srv_action_interface_cpp::action::CoordinatesChecker> >)[m[Kâ€™
[1.117s]    37 |   void [01;36m[Kexecute_checker[m[K(const std::shared_ptr<GoalHandleCoordinatesChecker> goal_handle);
[1.117s]       |        [01;36m[K^~~~~~~~~~~~~~~[m[K
[1.593s] make[2]: *** [test/CMakeFiles/test_manager.dir/build.make:63: test/CMakeFiles/test_manager.dir/test_manager.cpp.o] Error 1
[1.593s] make[2]: *** Waiting for unfinished jobs....
[2.191s] [ 86%] [32m[1mLinking CXX executable checker[0m
[2.194s] make[2]: *** [CMakeFiles/manager.dir/build.make:63: CMakeFiles/manager.dir/src/coordinates/manager.cpp.o] Error 1
[2.194s] make[1]: *** [CMakeFiles/Makefile2:179: CMakeFiles/manager.dir/all] Error 2
[2.194s] make[1]: *** Waiting for unfinished jobs....
[2.228s] make[2]: *** [test/CMakeFiles/test_manager.dir/build.make:76: test/CMakeFiles/test_manager.dir/__/src/coordinates/manager.cpp.o] Error 1
[2.228s] make[1]: *** [CMakeFiles/Makefile2:288: test/CMakeFiles/test_manager.dir/all] Error 2
[2.293s] [ 86%] Built target checker
[2.294s] make: *** [Makefile:141: all] Error 2
[2.296s] Invoked command in '/home/lee/robot_ws/build/test_lee_rclcpp' returned '2': CMAKE_PREFIX_PATH=/home/lee/robot_ws/install/msg_srv_action_interface_cpp:/home/lee/robot_ws/install/topic_service_action_rclcpp_example:/home/lee/robot_ws/install/time_rclcpp_example:/home/lee/robot_ws/install/tf2_rclcpp_example:/home/lee/robot_ws/install/testbot_description:/home/lee/robot_ws/install/test_lee_rclcpp:/home/lee/robot_ws/install/rqt_example:/home/lee/robot_ws/install/my_first_ros_rclcpp_pkg:/home/lee/robot_ws/install/msg_srv_interface_py_test:/home/lee/robot_ws/install/msg_srv_action_interface_py_test:/home/lee/robot_ws/install/msg_srv_action_interface_example:/home/lee/robot_ws/install/msg_interface_py_test:/home/lee/robot_ws/install/topic_service_action_rclpy_example:/home/lee/robot_ws/install/time_rclpy_example:/home/lee/robot_ws/install/tf2_rclpy_example:/home/lee/robot_ws/install/test_lee_rclpy:/home/lee/robot_ws/install/ros2env:/home/lee/robot_ws/install/my_first_ros_rclpy_pkg:/home/lee/robot_ws/install/logging_rclpy_example:/opt/ros/foxy LD_LIBRARY_PATH=/home/lee/robot_ws/install/msg_srv_action_interface_cpp/lib:/home/lee/robot_ws/install/msg_srv_interface_py_test/lib:/home/lee/robot_ws/install/msg_srv_action_interface_py_test/lib:/home/lee/robot_ws/install/msg_srv_action_interface_example/lib:/home/lee/robot_ws/install/msg_interface_py_test/lib:/opt/ros/foxy/opt/yaml_cpp_vendor/lib:/opt/ros/foxy/opt/rviz_ogre_vendor/lib:/opt/ros/foxy/lib/x86_64-linux-gnu:/opt/ros/foxy/lib PYTHONPATH=/home/lee/robot_ws/install/msg_srv_action_interface_cpp/lib/python3.8/site-packages:/home/lee/robot_ws/build/topic_service_action_rclpy_example:/home/lee/robot_ws/install/topic_service_action_rclpy_example/lib/python3.8/site-packages:/home/lee/robot_ws/build/time_rclpy_example:/home/lee/robot_ws/install/time_rclpy_example/lib/python3.8/site-packages:/home/lee/robot_ws/build/tf2_rclpy_example:/home/lee/robot_ws/install/tf2_rclpy_example/lib/python3.8/site-packages:/home/lee/robot_ws/build/test_lee_rclpy:/home/lee/robot_ws/install/test_lee_rclpy/lib/python3.8/site-packages:/home/lee/robot_ws/install/rqt_example/lib/python3.8/site-packages:/home/lee/robot_ws/build/ros2env:/home/lee/robot_ws/install/ros2env/lib/python3.8/site-packages:/home/lee/robot_ws/build/my_first_ros_rclpy_pkg:/home/lee/robot_ws/install/my_first_ros_rclpy_pkg/lib/python3.8/site-packages:/home/lee/robot_ws/install/msg_srv_interface_py_test/lib/python3.8/site-packages:/home/lee/robot_ws/install/msg_srv_action_interface_py_test/lib/python3.8/site-packages:/home/lee/robot_ws/install/msg_srv_action_interface_example/lib/python3.8/site-packages:/home/lee/robot_ws/install/msg_interface_py_test/lib/python3.8/site-packages:/home/lee/robot_ws/build/logging_rclpy_example:/home/lee/robot_ws/install/logging_rclpy_example/lib/python3.8/site-packages:/opt/ros/foxy/lib/python3.8/site-packages /usr/bin/cmake --build /home/lee/robot_ws/build/test_lee_rclcpp -- -j12 -l12
