[0.009s] Invoking command in '/home/lee/robot_ws/build/test_lee_rclcpp': CMAKE_PREFIX_PATH=/home/lee/robot_ws/install/msg_srv_action_interface_cpp:/home/lee/robot_ws/install/topic_service_action_rclcpp_example:/home/lee/robot_ws/install/time_rclcpp_example:/home/lee/robot_ws/install/tf2_rclcpp_example:/home/lee/robot_ws/install/testbot_description:/home/lee/robot_ws/install/test_lee_rclcpp:/home/lee/robot_ws/install/rqt_example:/home/lee/robot_ws/install/my_first_ros_rclcpp_pkg:/home/lee/robot_ws/install/msg_srv_interface_py_test:/home/lee/robot_ws/install/msg_srv_action_interface_py_test:/home/lee/robot_ws/install/msg_srv_action_interface_example:/home/lee/robot_ws/install/msg_interface_py_test:/home/lee/robot_ws/install/topic_service_action_rclpy_example:/home/lee/robot_ws/install/time_rclpy_example:/home/lee/robot_ws/install/tf2_rclpy_example:/home/lee/robot_ws/install/test_lee_rclpy:/home/lee/robot_ws/install/ros2env:/home/lee/robot_ws/install/my_first_ros_rclpy_pkg:/home/lee/robot_ws/install/logging_rclpy_example:/opt/ros/foxy LD_LIBRARY_PATH=/home/lee/robot_ws/install/msg_srv_action_interface_cpp/lib:/home/lee/robot_ws/install/msg_srv_interface_py_test/lib:/home/lee/robot_ws/install/msg_srv_action_interface_py_test/lib:/home/lee/robot_ws/install/msg_srv_action_interface_example/lib:/home/lee/robot_ws/install/msg_interface_py_test/lib:/opt/ros/foxy/opt/yaml_cpp_vendor/lib:/opt/ros/foxy/opt/rviz_ogre_vendor/lib:/opt/ros/foxy/lib/x86_64-linux-gnu:/opt/ros/foxy/lib PYTHONPATH=/home/lee/robot_ws/install/msg_srv_action_interface_cpp/lib/python3.8/site-packages:/home/lee/robot_ws/build/topic_service_action_rclpy_example:/home/lee/robot_ws/install/topic_service_action_rclpy_example/lib/python3.8/site-packages:/home/lee/robot_ws/build/time_rclpy_example:/home/lee/robot_ws/install/time_rclpy_example/lib/python3.8/site-packages:/home/lee/robot_ws/build/tf2_rclpy_example:/home/lee/robot_ws/install/tf2_rclpy_example/lib/python3.8/site-packages:/home/lee/robot_ws/build/test_lee_rclpy:/home/lee/robot_ws/install/test_lee_rclpy/lib/python3.8/site-packages:/home/lee/robot_ws/install/rqt_example/lib/python3.8/site-packages:/home/lee/robot_ws/build/ros2env:/home/lee/robot_ws/install/ros2env/lib/python3.8/site-packages:/home/lee/robot_ws/build/my_first_ros_rclpy_pkg:/home/lee/robot_ws/install/my_first_ros_rclpy_pkg/lib/python3.8/site-packages:/home/lee/robot_ws/install/msg_srv_interface_py_test/lib/python3.8/site-packages:/home/lee/robot_ws/install/msg_srv_action_interface_py_test/lib/python3.8/site-packages:/home/lee/robot_ws/install/msg_srv_action_interface_example/lib/python3.8/site-packages:/home/lee/robot_ws/install/msg_interface_py_test/lib/python3.8/site-packages:/home/lee/robot_ws/build/logging_rclpy_example:/home/lee/robot_ws/install/logging_rclpy_example/lib/python3.8/site-packages:/opt/ros/foxy/lib/python3.8/site-packages /usr/bin/cmake --build /home/lee/robot_ws/build/test_lee_rclcpp -- -j12 -l12
[0.038s] [35m[1mScanning dependencies of target converter[0m
[0.044s] [ 30%] Built target gtest
[0.044s] [ 30%] Built target gtest_main
[0.050s] [ 46%] Built target position
[0.052s] [ 61%] Built target manager
[0.054s] [ 69%] [32mBuilding CXX object CMakeFiles/converter.dir/src/conversion/converter.cpp.o[0m
[0.066s] [ 92%] Built target test_manager
[1.074s] In file included from [01m[K/usr/include/x86_64-linux-gnu/c++/9/bits/c++allocator.h:33[m[K,
[1.074s]                  from [01m[K/usr/include/c++/9/bits/allocator.h:46[m[K,
[1.074s]                  from [01m[K/usr/include/c++/9/string:41[m[K,
[1.074s]                  from [01m[K/usr/include/c++/9/bits/locale_classes.h:40[m[K,
[1.074s]                  from [01m[K/usr/include/c++/9/bits/ios_base.h:41[m[K,
[1.074s]                  from [01m[K/usr/include/c++/9/ios:42[m[K,
[1.074s]                  from [01m[K/usr/include/c++/9/ostream:38[m[K,
[1.074s]                  from [01m[K/usr/include/c++/9/iostream:39[m[K,
[1.074s]                  from [01m[K/home/lee/robot_ws/src/test_lee_rclcpp/src/conversion/converter.cpp:6[m[K:
[1.074s] /usr/include/c++/9/ext/new_allocator.h: In instantiation of â€˜[01m[Kvoid __gnu_cxx::new_allocator<_Tp>::construct(_Up*, _Args&& ...) [with _Up = Converter; _Args = {}; _Tp = Converter][m[Kâ€™:
[1.074s] [01m[K/usr/include/c++/9/bits/alloc_traits.h:483:4:[m[K   required from â€˜[01m[Kstatic void std::allocator_traits<std::allocator<_CharT> >::construct(std::allocator_traits<std::allocator<_CharT> >::allocator_type&, _Up*, _Args&& ...) [with _Up = Converter; _Args = {}; _Tp = Converter; std::allocator_traits<std::allocator<_CharT> >::allocator_type = std::allocator<Converter>][m[Kâ€™
[1.074s] [01m[K/usr/include/c++/9/bits/shared_ptr_base.h:548:39:[m[K   required from â€˜[01m[Kstd::_Sp_counted_ptr_inplace<_Tp, _Alloc, _Lp>::_Sp_counted_ptr_inplace(_Alloc, _Args&& ...) [with _Args = {}; _Tp = Converter; _Alloc = std::allocator<Converter>; __gnu_cxx::_Lock_policy _Lp = __gnu_cxx::_S_atomic][m[Kâ€™
[1.074s] [01m[K/usr/include/c++/9/bits/shared_ptr_base.h:679:16:[m[K   required from â€˜[01m[Kstd::__shared_count<_Lp>::__shared_count(_Tp*&, std::_Sp_alloc_shared_tag<_Alloc>, _Args&& ...) [with _Tp = Converter; _Alloc = std::allocator<Converter>; _Args = {}; __gnu_cxx::_Lock_policy _Lp = __gnu_cxx::_S_atomic][m[Kâ€™
[1.074s] [01m[K/usr/include/c++/9/bits/shared_ptr_base.h:1344:71:[m[K   required from â€˜[01m[Kstd::__shared_ptr<_Tp, _Lp>::__shared_ptr(std::_Sp_alloc_shared_tag<_Tp>, _Args&& ...) [with _Alloc = std::allocator<Converter>; _Args = {}; _Tp = Converter; __gnu_cxx::_Lock_policy _Lp = __gnu_cxx::_S_atomic][m[Kâ€™
[1.074s] [01m[K/usr/include/c++/9/bits/shared_ptr.h:359:59:[m[K   required from â€˜[01m[Kstd::shared_ptr<_Tp>::shared_ptr(std::_Sp_alloc_shared_tag<_Tp>, _Args&& ...) [with _Alloc = std::allocator<Converter>; _Args = {}; _Tp = Converter][m[Kâ€™
[1.074s] [01m[K/usr/include/c++/9/bits/shared_ptr.h:701:14:[m[K   required from â€˜[01m[Kstd::shared_ptr<_Tp> std::allocate_shared(const _Alloc&, _Args&& ...) [with _Tp = Converter; _Alloc = std::allocator<Converter>; _Args = {}][m[Kâ€™
[1.074s] [01m[K/usr/include/c++/9/bits/shared_ptr.h:717:39:[m[K   required from â€˜[01m[Kstd::shared_ptr<_Tp> std::make_shared(_Args&& ...) [with _Tp = Converter; _Args = {}][m[Kâ€™
[1.074s] [01m[K/home/lee/robot_ws/src/test_lee_rclcpp/src/conversion/converter.cpp:134:53:[m[K   required from here
[1.074s] [01m[K/usr/include/c++/9/ext/new_allocator.h:146:4:[m[K [01;31m[Kerror: [m[Kno matching function for call to â€˜[01m[KConverter::Converter()[m[Kâ€™
[1.074s]   146 |  { [01;31m[K::new((void *)__p) _Up(std::forward<_Args>(__args)...)[m[K; }
[1.075s]       |    [01;31m[K^~~~~~~~~~~~~~~~~~~~~~~~~~~~~~~~~~~~~~~~~~~~~~~~~~~~~~[m[K
[1.075s] [01m[K/home/lee/robot_ws/src/test_lee_rclcpp/src/conversion/converter.cpp:18:1:[m[K [01;36m[Knote: [m[Kcandidate: â€˜[01m[KConverter::Converter(int16_t, const rclcpp::NodeOptions&)[m[Kâ€™
[1.075s]    18 | [01;36m[KConverter[m[K::Converter(int16_t cm, const rclcpp::NodeOptions & node_options)
[1.075s]       | [01;36m[K^~~~~~~~~[m[K
[1.075s] [01m[K/home/lee/robot_ws/src/test_lee_rclcpp/src/conversion/converter.cpp:18:1:[m[K [01;36m[Knote: [m[K  candidate expects 2 arguments, 0 provided
[1.146s] make[2]: *** [CMakeFiles/converter.dir/build.make:63: CMakeFiles/converter.dir/src/conversion/converter.cpp.o] Error 1
[1.147s] make[1]: *** [CMakeFiles/Makefile2:123: CMakeFiles/converter.dir/all] Error 2
[1.147s] make: *** [Makefile:141: all] Error 2
[1.148s] Invoked command in '/home/lee/robot_ws/build/test_lee_rclcpp' returned '2': CMAKE_PREFIX_PATH=/home/lee/robot_ws/install/msg_srv_action_interface_cpp:/home/lee/robot_ws/install/topic_service_action_rclcpp_example:/home/lee/robot_ws/install/time_rclcpp_example:/home/lee/robot_ws/install/tf2_rclcpp_example:/home/lee/robot_ws/install/testbot_description:/home/lee/robot_ws/install/test_lee_rclcpp:/home/lee/robot_ws/install/rqt_example:/home/lee/robot_ws/install/my_first_ros_rclcpp_pkg:/home/lee/robot_ws/install/msg_srv_interface_py_test:/home/lee/robot_ws/install/msg_srv_action_interface_py_test:/home/lee/robot_ws/install/msg_srv_action_interface_example:/home/lee/robot_ws/install/msg_interface_py_test:/home/lee/robot_ws/install/topic_service_action_rclpy_example:/home/lee/robot_ws/install/time_rclpy_example:/home/lee/robot_ws/install/tf2_rclpy_example:/home/lee/robot_ws/install/test_lee_rclpy:/home/lee/robot_ws/install/ros2env:/home/lee/robot_ws/install/my_first_ros_rclpy_pkg:/home/lee/robot_ws/install/logging_rclpy_example:/opt/ros/foxy LD_LIBRARY_PATH=/home/lee/robot_ws/install/msg_srv_action_interface_cpp/lib:/home/lee/robot_ws/install/msg_srv_interface_py_test/lib:/home/lee/robot_ws/install/msg_srv_action_interface_py_test/lib:/home/lee/robot_ws/install/msg_srv_action_interface_example/lib:/home/lee/robot_ws/install/msg_interface_py_test/lib:/opt/ros/foxy/opt/yaml_cpp_vendor/lib:/opt/ros/foxy/opt/rviz_ogre_vendor/lib:/opt/ros/foxy/lib/x86_64-linux-gnu:/opt/ros/foxy/lib PYTHONPATH=/home/lee/robot_ws/install/msg_srv_action_interface_cpp/lib/python3.8/site-packages:/home/lee/robot_ws/build/topic_service_action_rclpy_example:/home/lee/robot_ws/install/topic_service_action_rclpy_example/lib/python3.8/site-packages:/home/lee/robot_ws/build/time_rclpy_example:/home/lee/robot_ws/install/time_rclpy_example/lib/python3.8/site-packages:/home/lee/robot_ws/build/tf2_rclpy_example:/home/lee/robot_ws/install/tf2_rclpy_example/lib/python3.8/site-packages:/home/lee/robot_ws/build/test_lee_rclpy:/home/lee/robot_ws/install/test_lee_rclpy/lib/python3.8/site-packages:/home/lee/robot_ws/install/rqt_example/lib/python3.8/site-packages:/home/lee/robot_ws/build/ros2env:/home/lee/robot_ws/install/ros2env/lib/python3.8/site-packages:/home/lee/robot_ws/build/my_first_ros_rclpy_pkg:/home/lee/robot_ws/install/my_first_ros_rclpy_pkg/lib/python3.8/site-packages:/home/lee/robot_ws/install/msg_srv_interface_py_test/lib/python3.8/site-packages:/home/lee/robot_ws/install/msg_srv_action_interface_py_test/lib/python3.8/site-packages:/home/lee/robot_ws/install/msg_srv_action_interface_example/lib/python3.8/site-packages:/home/lee/robot_ws/install/msg_interface_py_test/lib/python3.8/site-packages:/home/lee/robot_ws/build/logging_rclpy_example:/home/lee/robot_ws/install/logging_rclpy_example/lib/python3.8/site-packages:/opt/ros/foxy/lib/python3.8/site-packages /usr/bin/cmake --build /home/lee/robot_ws/build/test_lee_rclcpp -- -j12 -l12
