[0.012s] Invoking command in '/home/lee/robot_ws/build/lifecycle_cpp_test': CMAKE_PREFIX_PATH=${CMAKE_PREFIX_PATH}:/home/lee/robot_ws/install/topic_service_action_rclpy_example:/home/lee/robot_ws/install/time_rclpy_example:/home/lee/robot_ws/install/tf2_rclpy_example:/home/lee/robot_ws/install/test_lee_rclpy:/home/lee/robot_ws/install/ros2env:/home/lee/robot_ws/install/my_first_ros_rclpy_pkg:/home/lee/robot_ws/install/logging_rclpy_example:/opt/ros/foxy /usr/bin/cmake --build /home/lee/robot_ws/build/lifecycle_cpp_test -- -j12 -l12
[0.028s] -- Found ament_cmake: 0.9.9 (/opt/ros/foxy/share/ament_cmake/cmake)
[0.051s] -- Using PYTHON_EXECUTABLE: /usr/bin/python3
[0.169s] -- Override CMake install command with custom implementation using symlinks instead of copying resources
[0.173s] -- Found rclcpp_lifecycle: 2.4.1 (/opt/ros/foxy/share/rclcpp_lifecycle/cmake)
[0.196s] -- Using all available rosidl_typesupport_c: rosidl_typesupport_fastrtps_c;rosidl_typesupport_introspection_c
[0.198s] -- Found rosidl_adapter: 1.2.1 (/opt/ros/foxy/share/rosidl_adapter/cmake)
[0.273s] -- Using all available rosidl_typesupport_cpp: rosidl_typesupport_fastrtps_cpp;rosidl_typesupport_introspection_cpp
[0.304s] -- Found rmw_implementation_cmake: 1.0.3 (/opt/ros/foxy/share/rmw_implementation_cmake/cmake)
[0.305s] -- Using RMW implementation 'rmw_fastrtps_cpp' as default
[0.410s] -- Found ament_lint_auto: 0.9.6 (/opt/ros/foxy/share/ament_lint_auto/cmake)
[0.465s] -- Added test 'copyright' to check source files copyright and LICENSE
[0.466s] -- Added test 'cppcheck' to perform static code analysis on C / C++ code
[0.466s] -- Configured cppcheck include dirs: /home/lee/robot_ws/src/lifecycle_cpp_test/include
[0.466s] -- Configured cppcheck exclude dirs and/or files: 
[0.467s] -- Added test 'cpplint' to check C / C++ code against the Google style
[0.467s] -- Configured cpplint exclude dirs and/or files: 
[0.467s] -- Added test 'flake8' to check Python code syntax and style conventions
[0.467s] -- Added test 'lint_cmake' to check CMake code style
[0.468s] -- Added test 'pep257' to check Python code against some of the style conventions in PEP 257
[0.468s] -- Added test 'uncrustify' to check C / C++ code style
[0.468s] -- Configured uncrustify additional arguments: 
[0.468s] -- Added test 'xmllint' to check XML markup files
[0.470s] -- Configuring done
[0.503s] -- Generating done
[0.504s] -- Build files have been written to: /home/lee/robot_ws/build/lifecycle_cpp_test
[0.520s] [35m[1mScanning dependencies of target lifecycle_service_client[0m
[0.520s] [35m[1mScanning dependencies of target lifecycle_talker[0m
[0.520s] [35m[1mScanning dependencies of target lifecycle_listener[0m
[0.538s] [ 33%] [32mBuilding CXX object CMakeFiles/lifecycle_service_client.dir/src/lifecycle_service_client.cpp.o[0m
[0.538s] [ 33%] [32mBuilding CXX object CMakeFiles/lifecycle_listener.dir/src/lifecycle_listener.cpp.o[0m
[0.539s] [ 50%] [32mBuilding CXX object CMakeFiles/lifecycle_talker.dir/src/lifecycle_talker.cpp.o[0m
[1.447s] make[2]: *** [CMakeFiles/lifecycle_listener.dir/build.make:63: CMakeFiles/lifecycle_listener.dir/src/lifecycle_listener.cpp.o] Interrupt
[1.447s] make[2]: *** [CMakeFiles/lifecycle_service_client.dir/build.make:63: CMakeFiles/lifecycle_service_client.dir/src/lifecycle_service_client.cpp.o] Interrupt
[1.447s] make[2]: *** [CMakeFiles/lifecycle_talker.dir/build.make:63: CMakeFiles/lifecycle_talker.dir/src/lifecycle_talker.cpp.o] Interrupt
[1.447s] make[1]: *** [CMakeFiles/Makefile2:82: CMakeFiles/lifecycle_listener.dir/all] Interrupt
[1.447s] make[1]: *** [CMakeFiles/Makefile2:109: CMakeFiles/lifecycle_talker.dir/all] Interrupt
[1.447s] make[1]: *** [CMakeFiles/Makefile2:163: CMakeFiles/lifecycle_service_client.dir/all] Interrupt
[1.447s] make: *** [Makefile:141: all] Interrupt
[1.456s] Invoked command in '/home/lee/robot_ws/build/lifecycle_cpp_test' returned '-2': CMAKE_PREFIX_PATH=${CMAKE_PREFIX_PATH}:/home/lee/robot_ws/install/topic_service_action_rclpy_example:/home/lee/robot_ws/install/time_rclpy_example:/home/lee/robot_ws/install/tf2_rclpy_example:/home/lee/robot_ws/install/test_lee_rclpy:/home/lee/robot_ws/install/ros2env:/home/lee/robot_ws/install/my_first_ros_rclpy_pkg:/home/lee/robot_ws/install/logging_rclpy_example:/opt/ros/foxy /usr/bin/cmake --build /home/lee/robot_ws/build/lifecycle_cpp_test -- -j12 -l12
